Exporter version: 6.3.1, Blender version: 2.82 (sub 7)
========= Conversion from Blender to Babylon.js =========
	Scene settings used :
		Inline textures     :  false
		Material Type       :  PBR
		Positions Precision :  4
		Normals Precision   :  3
		UVs Precision       :  3
		Vert Color Precision:  3
		Mat Weight Precision:  2
		Keep Z-up r-handed  :  no
		Texture directory   :  C:\Users\kwa\Documents\travail\Black\tattools\html\scenes\
	Python World class constructor completed
	WARNING: No active camera has been assigned, or is not in a currently selected Blender layer
	processing begun of skeleton:  Armature, id:  0
		processing begun of bone:  Bone, index:  0
	processing begun of mesh:  bullet
		processing begun of material:  Material.003
			WARNING: unsupported node group(Group) will trigger baking
		processing begun of material:  Material.007
			WARNING: unsupported node group(Group) will trigger baking
		processing begun of material:  Material.004
			WARNING: unsupported node group(Group) will trigger baking
		processing begun of material:  Material.001
			WARNING: unsupported node group(Group) will trigger baking
			bake time:  0 min, 3.9395 secs
		num positions      :  42633
		num normals        :  42633
		num tangents       :  0
		num uvs            :  85266
		num uvs2           :  0
		num colors         :  0
		num indices        :  206472
		Skeleton stats:  
			Total Influencers:  42633
			Avg # of influencers per vertex:  1
			Highest # of influencers observed:  1, num vertices with this:  42633
			exported as 1 influencers
			num skeletonWeights and skeletonIndices:  170532
		WARNING: # of 0 area faces found:  28
========= Writing of JSON file started =========
	writing mesh:  bullet
========= Writing of JSON file completed =========
========= end of processing =========
elapsed time:  0 min, 15.6034 secs
